# JRE version: OpenJDK Runtime Environment Corretto-17.0.6.10.1 (17.0.6+10) (build 17.0.6+10-LTS)
# Java VM: OpenJDK 64-Bit Server VM Corretto-17.0.6.10.1 (17.0.6+10-LTS, mixed mode, sharing, tiered, compressed oops, compressed class ptrs, g1 gc, windows-amd64)
GC Precious Log:
 CPUs: 8 total, 8 available
 Memory: 8039M
 Large Page Support: Disabled
 NUMA Support: Disabled
 Compressed Oops: Enabled (32-bit)
 Heap Region Size: 1M
 Heap Min Capacity: 256M
 Heap Initial Capacity: 256M
 Heap Max Capacity: 512M
 Pre-touch: Disabled
 Parallel Workers: 8
 Concurrent Workers: 2
 Concurrent Refinement Workers: 8
 Periodic GC: Disabled
Heap:
 garbage-first heap   total 262144K, used 45491K [0x00000000e0000000, 0x0000000100000000)
  region size 1024K, 25 young (25600K), 2 survivors (2048K)
 Metaspace       used 24251K, committed 24640K, reserved 339968K
  class space    used 3607K, committed 3776K, reserved 315392K
GC Heap History (20 events):
Event: 52.981 GC heap before
{Heap before GC invocations=1 (full 0):
 garbage-first heap   total 262144K, used 19798K [0x00000000e0000000, 0x0000000100000000)
  region size 1024K, 12 young (12288K), 3 survivors (3072K)
 Metaspace       used 3951K, committed 4160K, reserved 323584K
  class space    used 490K, committed 576K, reserved 315392K
}
Event: 52.992 GC heap after
{Heap after GC invocations=2 (full 0):
 garbage-first heap   total 262144K, used 11453K [0x00000000e0000000, 0x0000000100000000)
  region size 1024K, 1 young (1024K), 1 survivors (1024K)
 Metaspace       used 3951K, committed 4160K, reserved 323584K
  class space    used 490K, committed 576K, reserved 315392K
}
Event: 64.418 GC heap before
{Heap before GC invocations=2 (full 0):
 garbage-first heap   total 262144K, used 22717K [0x00000000e0000000, 0x0000000100000000)
  region size 1024K, 12 young (12288K), 1 survivors (1024K)
 Metaspace       used 4007K, committed 4160K, reserved 323584K
  class space    used 490K, committed 576K, reserved 315392K
}
Event: 64.562 GC heap after
{Heap after GC invocations=3 (full 0):
 garbage-first heap   total 262144K, used 13090K [0x00000000e0000000, 0x0000000100000000)
  region size 1024K, 2 young (2048K), 2 survivors (2048K)
 Metaspace       used 4007K, committed 4160K, reserved 323584K
  class space    used 490K, committed 576K, reserved 315392K
}
Event: 90.723 GC heap before
{Heap before GC invocations=3 (full 0):
 garbage-first heap   total 262144K, used 23330K [0x00000000e0000000, 0x0000000100000000)
  region size 1024K, 12 young (12288K), 2 survivors (2048K)
 Metaspace       used 4414K, committed 4608K, reserved 323584K
  class space    used 581K, committed 704K, reserved 315392K
}
Event: 90.797 GC heap after
{Heap after GC invocations=4 (full 0):
 garbage-first heap   total 262144K, used 15973K [0x00000000e0000000, 0x0000000100000000)
  region size 1024K, 2 young (2048K), 2 survivors (2048K)
 Metaspace       used 4414K, committed 4608K, reserved 323584K
  class space    used 581K, committed 704K, reserved 315392K
}
Event: 106.643 GC heap before
{Heap before GC invocations=4 (full 0):
 garbage-first heap   total 262144K, used 26213K [0x00000000e0000000, 0x0000000100000000)
  region size 1024K, 12 young (12288K), 2 survivors (2048K)
 Metaspace       used 7211K, committed 7424K, reserved 323584K
  class space    used 985K, committed 1088K, reserved 315392K
}
Event: 106.860 GC heap after
{Heap after GC invocations=5 (full 0):
 garbage-first heap   total 262144K, used 17714K [0x00000000e0000000, 0x0000000100000000)
  region size 1024K, 2 young (2048K), 2 survivors (2048K)
 Metaspace       used 7211K, committed 7424K, reserved 323584K
  class space    used 985K, committed 1088K, reserved 315392K
}
Event: 116.477 GC heap before
{Heap before GC invocations=5 (full 0):
 garbage-first heap   total 262144K, used 30002K [0x00000000e0000000, 0x0000000100000000)
  region size 1024K, 14 young (14336K), 2 survivors (2048K)
 Metaspace       used 10249K, committed 10496K, reserved 331776K
  class space    used 1388K, committed 1536K, reserved 315392K
}
Event: 116.626 GC heap after
{Heap after GC invocations=6 (full 0):
 garbage-first heap   total 262144K, used 19080K [0x00000000e0000000, 0x0000000100000000)
  region size 1024K, 2 young (2048K), 2 survivors (2048K)
 Metaspace       used 10249K, committed 10496K, reserved 331776K
  class space    used 1388K, committed 1536K, reserved 315392K
}
Event: 118.661 GC heap before
{Heap before GC invocations=6 (full 0):
 garbage-first heap   total 262144K, used 28296K [0x00000000e0000000, 0x0000000100000000)
  region size 1024K, 12 young (12288K), 2 survivors (2048K)
 Metaspace       used 12219K, committed 12480K, reserved 331776K
  class space    used 1686K, committed 1792K, reserved 315392K
}
Event: 118.666 GC heap after
{Heap after GC invocations=7 (full 0):
 garbage-first heap   total 262144K, used 19520K [0x00000000e0000000, 0x0000000100000000)
  region size 1024K, 1 young (1024K), 1 survivors (1024K)
 Metaspace       used 12219K, committed 12480K, reserved 331776K
  class space    used 1686K, committed 1792K, reserved 315392K
}
Event: 129.209 GC heap before
{Heap before GC invocations=7 (full 0):
 garbage-first heap   total 262144K, used 42048K [0x00000000e0000000, 0x0000000100000000)
  region size 1024K, 23 young (23552K), 1 survivors (1024K)
 Metaspace       used 15725K, committed 16000K, reserved 331776K
  class space    used 2246K, committed 2368K, reserved 315392K
}
Event: 129.369 GC heap after
{Heap after GC invocations=8 (full 0):
 garbage-first heap   total 262144K, used 20609K [0x00000000e0000000, 0x0000000100000000)
  region size 1024K, 2 young (2048K), 2 survivors (2048K)
 Metaspace       used 15725K, committed 16000K, reserved 331776K
  class space    used 2246K, committed 2368K, reserved 315392K
}
Event: 131.059 GC heap before
{Heap before GC invocations=8 (full 0):
 garbage-first heap   total 262144K, used 30849K [0x00000000e0000000, 0x0000000100000000)
  region size 1024K, 12 young (12288K), 2 survivors (2048K)
 Metaspace       used 16941K, committed 17280K, reserved 331776K
  class space    used 2457K, committed 2624K, reserved 315392K
}
Event: 131.063 GC heap after
{Heap after GC invocations=9 (full 0):
 garbage-first heap   total 262144K, used 21409K [0x00000000e0000000, 0x0000000100000000)
  region size 1024K, 1 young (1024K), 1 survivors (1024K)
 Metaspace       used 16941K, committed 17280K, reserved 331776K
  class space    used 2457K, committed 2624K, reserved 315392K
}
Event: 137.586 GC heap before
{Heap before GC invocations=9 (full 0):
 garbage-first heap   total 262144K, used 40865K [0x00000000e0000000, 0x0000000100000000)
  region size 1024K, 20 young (20480K), 1 survivors (1024K)
 Metaspace       used 19699K, committed 20032K, reserved 339968K
  class space    used 2891K, committed 3072K, reserved 315392K
}
Event: 137.591 GC heap after
{Heap after GC invocations=10 (full 0):
 garbage-first heap   total 262144K, used 22800K [0x00000000e0000000, 0x0000000100000000)
  region size 1024K, 3 young (3072K), 3 survivors (3072K)
 Metaspace       used 19699K, committed 20032K, reserved 339968K
  class space    used 2891K, committed 3072K, reserved 315392K
}
Event: 140.516 GC heap before
{Heap before GC invocations=10 (full 0):
 garbage-first heap   total 262144K, used 35088K [0x00000000e0000000, 0x0000000100000000)
  region size 1024K, 16 young (16384K), 3 survivors (3072K)
 Metaspace       used 21202K, committed 21504K, reserved 339968K
  class space    used 3147K, committed 3328K, reserved 315392K
}
Event: 140.525 GC heap after
{Heap after GC invocations=11 (full 0):
 garbage-first heap   total 262144K, used 22963K [0x00000000e0000000, 0x0000000100000000)
  region size 1024K, 2 young (2048K), 2 survivors (2048K)
 Metaspace       used 21202K, committed 21504K, reserved 339968K
  class space    used 3147K, committed 3328K, reserved 315392K
}

